<?xml version="1.0" encoding="UTF-8"?>
<testsuite name="org.opendaylight.controller.protocol_plugin.openflow.internal.FlowProgrammerServiceTest" time="0.214" tests="4" errors="0" skipped="0" failures="0">
  <properties>
    <property name="java.runtime.name" value="Java(TM) SE Runtime Environment"/>
    <property name="sun.boot.library.path" value="Y:\AD-SAL\Eclipse20161114\eclipse\jre\bin"/>
    <property name="java.vm.version" value="24.80-b11"/>
    <property name="java.vm.vendor" value="Oracle Corporation"/>
    <property name="java.vendor.url" value="http://java.oracle.com/"/>
    <property name="path.separator" value=";"/>
    <property name="guice.disable.misplaced.annotation.check" value="true"/>
    <property name="java.vm.name" value="Java HotSpot(TM) Client VM"/>
    <property name="file.encoding.pkg" value="sun.io"/>
    <property name="user.script" value=""/>
    <property name="user.country" value="CN"/>
    <property name="sun.java.launcher" value="SUN_STANDARD"/>
    <property name="sun.os.patch.level" value=""/>
    <property name="java.vm.specification.name" value="Java Virtual Machine Specification"/>
    <property name="user.dir" value="Y:\AD-SAL\opendaylight\opendaylight\opendaylight\controller-stable-helium\opendaylight\protocol_plugins\openflow"/>
    <property name="java.runtime.version" value="1.7.0_80-b15"/>
    <property name="java.awt.graphicsenv" value="sun.awt.Win32GraphicsEnvironment"/>
    <property name="java.endorsed.dirs" value="Y:\AD-SAL\Eclipse20161114\eclipse\jre\lib\endorsed"/>
    <property name="os.arch" value="x86"/>
    <property name="java.io.tmpdir" value="C:\Users\ngnt-ycy\AppData\Local\Temp\"/>
    <property name="line.separator" value="&#10;"/>
    <property name="java.vm.specification.vendor" value="Oracle Corporation"/>
    <property name="user.variant" value=""/>
    <property name="os.name" value="Windows 8.1"/>
    <property name="classworlds.conf" value="Y:\AD-SAL\Eclipse20161114\work_odl\.metadata\.plugins\org.eclipse.m2e.launching\launches\m2conf187894702374674814.tmp"/>
    <property name="sun.jnu.encoding" value="GBK"/>
    <property name="java.library.path" value="Y:\AD-SAL\Eclipse20161114\eclipse\jre\bin;C:\Windows\Sun\Java\bin;C:\Windows\system32;C:\Windows;Y:/AD-SAL/Eclipse20161114/eclipse/jre/bin/client;Y:/AD-SAL/Eclipse20161114/eclipse/jre/bin;Y:/AD-SAL/Eclipse20161114/eclipse/jre/lib/i386;C:\ProgramData\Oracle\Java\javapath;C:\Program Files (x86)\Intel\iCLS Client\;C:\Program Files\Intel\iCLS Client\;C:\Windows\system32;C:\Windows;C:\Windows\System32\Wbem;C:\Windows\System32\WindowsPowerShell\v1.0\;C:\Program Files (x86)\Intel\Intel(R) Management Engine Components\DAL;C:\Program Files\Intel\Intel(R) Management Engine Components\DAL;C:\Program Files (x86)\Intel\Intel(R) Management Engine Components\IPT;C:\Program Files\Intel\Intel(R) Management Engine Components\IPT;Y:\AD-SAL\Eclipse20161114\eclipse;;."/>
    <property name="java.specification.name" value="Java Platform API Specification"/>
    <property name="java.class.version" value="51.0"/>
    <property name="sun.management.compiler" value="HotSpot Client Compiler"/>
    <property name="os.version" value="6.3"/>
    <property name="user.home" value="C:\Users\ngnt-ycy"/>
    <property name="user.timezone" value="Asia/Shanghai"/>
    <property name="java.awt.printerjob" value="sun.awt.windows.WPrinterJob"/>
    <property name="java.specification.version" value="1.7"/>
    <property name="file.encoding" value="GBK"/>
    <property name="user.name" value="ngnt-ycy"/>
    <property name="java.class.path" value="/Y:/AD-SAL/Eclipse20161114/eclipse/plugins/org.eclipse.m2e.maven.runtime_1.5.1.20150109-1819/jars/plexus-classworlds-2.5.1.jar"/>
    <property name="org.slf4j.simpleLogger.defaultLogLevel" value="info"/>
    <property name="java.vm.specification.version" value="1.7"/>
    <property name="sun.arch.data.model" value="32"/>
    <property name="java.home" value="Y:\AD-SAL\Eclipse20161114\eclipse\jre"/>
    <property name="sun.java.command" value="org.codehaus.plexus.classworlds.launcher.Launcher -B install"/>
    <property name="java.specification.vendor" value="Oracle Corporation"/>
    <property name="user.language" value="zh"/>
    <property name="awt.toolkit" value="sun.awt.windows.WToolkit"/>
    <property name="java.vm.info" value="mixed mode"/>
    <property name="java.version" value="1.7.0_80"/>
    <property name="java.ext.dirs" value="Y:\AD-SAL\Eclipse20161114\eclipse\jre\lib\ext;C:\Windows\Sun\Java\lib\ext"/>
    <property name="sun.boot.class.path" value="Y:\AD-SAL\Eclipse20161114\eclipse\jre\lib\resources.jar;Y:\AD-SAL\Eclipse20161114\eclipse\jre\lib\rt.jar;Y:\AD-SAL\Eclipse20161114\eclipse\jre\lib\sunrsasign.jar;Y:\AD-SAL\Eclipse20161114\eclipse\jre\lib\jsse.jar;Y:\AD-SAL\Eclipse20161114\eclipse\jre\lib\jce.jar;Y:\AD-SAL\Eclipse20161114\eclipse\jre\lib\charsets.jar;Y:\AD-SAL\Eclipse20161114\eclipse\jre\lib\jfr.jar;Y:\AD-SAL\Eclipse20161114\eclipse\jre\classes"/>
    <property name="java.vendor" value="Oracle Corporation"/>
    <property name="maven.home" value="Y:\AD-SAL\opendaylight\opendaylight\opendaylight\controller-stable-helium\opendaylight\protocol_plugins\openflow\EMBEDDED"/>
    <property name="file.separator" value="\"/>
    <property name="java.vendor.url.bug" value="http://bugreport.sun.com/bugreport/"/>
    <property name="sun.cpu.endian" value="little"/>
    <property name="sun.io.unicode.encoding" value="UnicodeLittle"/>
    <property name="sun.desktop" value="windows"/>
    <property name="sun.cpu.isalist" value="pentium_pro+mmx pentium_pro pentium+mmx pentium i486 i386 i86"/>
  </properties>
  <testcase name="testV6MatchToSALMatchToV6MatchConversion" classname="org.opendaylight.controller.protocol_plugin.openflow.internal.FlowProgrammerServiceTest" time="0.07"/>
  <testcase name="testSALtoOFFlowConverter" classname="org.opendaylight.controller.protocol_plugin.openflow.internal.FlowProgrammerServiceTest" time="0.125"/>
  <testcase name="testV6toSALFlowConversion" classname="org.opendaylight.controller.protocol_plugin.openflow.internal.FlowProgrammerServiceTest" time="0.014"/>
  <testcase name="testVlanNoneIdFlowConversion" classname="org.opendaylight.controller.protocol_plugin.openflow.internal.FlowProgrammerServiceTest" time="0.005"/>
</testsuite>